<?xml version="1.0" encoding="UTF-8" ?>
<testsuite tests="23" failures="0" name="QATools.MavenCucumberProject.RunnerTest" time="0.063" errors="4" skipped="3">
  <properties>
[...]
</properties>
  <testcase classname="Scenario: Login to Website" name="Given User is on home page" time="0.006"/>
  <testcase classname="Scenario: Login to Website" name="When User clicks on login" time="0.012">
    <error type="java.lang.NullPointerException">java.lang.NullPointerException
	at QATools.MavenCucumberProject.logInStepDefinition.user_clicks_on_login(logInStepDefinition.java:16)
	at ✽.When User clicks on login(DemoWebsite.feature:7)
</error>
    <system-out>
  Background:                  # DemoWebsite.feature:3
    Given User is on home page # stepDefinition.user_is_on_home_page()
</system-out>
  </testcase>
  <testcase classname="Scenario: Login to Website" name="Scenario: Login to Website" time="0.013">
    <error type="java.lang.NullPointerException">java.lang.NullPointerException
	at QATools.MavenCucumberProject.logInStepDefinition.user_clicks_on_login(logInStepDefinition.java:16)
	at ✽.When User clicks on login(DemoWebsite.feature:7)
</error>
  </testcase>
  <testcase classname="Scenario: Login to Website" name="And User enters username and password" time="0.013">
    <skipped/>
  </testcase>
  <testcase classname="Scenario: Login to Website" name="Then User must be logged in and display username on the web site" time="0.013">
    <skipped/>
  </testcase>
  <testcase classname="Scenario: Add to cart" name="Given User is on home page" time="0"/>
  <testcase classname="Scenario: Add to cart" name="When User clicks Electronics" time="0"/>
  <testcase classname="Scenario: Add to cart" name="And Selects Smartphone" time="0"/>
  <testcase classname="Scenario: Add to cart" name="And Selects Add to Cart button" time="0"/>
  <testcase classname="Scenario: Add to cart" name="Then Item should be added to cart" time="0"/>
  <testcase classname="Scenario: Add to cart" name="Scenario: Add to cart" time="0"/>
  <testcase classname="Scenario: Go to Cart" name="Given User is on home page" time="0"/>
  <testcase classname="Scenario: Go to Cart" name="When User clicks Shopping Cart" time="0"/>
  <testcase classname="Scenario: Go to Cart" name="Then User will be redirected to Shopping Cart page" time="0"/>
  <testcase classname="Scenario: Go to Cart" name="Scenario: Go to Cart" time="0"/>
  <testcase classname="Scenario: Confirm Order" name="Given User is on home page" time="0"/>
  <testcase classname="Scenario: Confirm Order" name="When User complete the Checkout Information page" time="0.001">
    <error message="no such element: Unable to locate element: {&quot;method&quot;:&quot;xpath&quot;,&quot;selector&quot;:&quot;//input[@id=&apos;termsofservice&apos;]&quot;}
  (Session info: chrome=67.0.3396.99)
  (Driver info: chromedriver=2.35.528161 (5b82f2d2aae0ca24b877009200ced9065a772e73),platform=Windows NT 10.0.17134 x86_64) (WARNING: The server did not provide any stacktrace information)
Command duration or timeout: 0 milliseconds
For documentation on this error, please visit: http://seleniumhq.org/exceptions/no_such_element.html
Build info: version: &apos;3.9.1&apos;, revision: &apos;63f7b50&apos;, time: &apos;2018-02-07T22:25:02.294Z&apos;
System info: host: &apos;ENH-FRANCIS&apos;, ip: &apos;10.13.1.130&apos;, os.name: &apos;Windows 10&apos;, os.arch: &apos;amd64&apos;, os.version: &apos;10.0&apos;, java.version: &apos;1.8.0_171&apos;
Driver info: org.openqa.selenium.chrome.ChromeDriver
Capabilities {acceptInsecureCerts: false, acceptSslCerts: false, applicationCacheEnabled: false, browserConnectionEnabled: false, browserName: chrome, chrome: {chromedriverVersion: 2.35.528161 (5b82f2d2aae0ca..., userDataDir: C:\Users\MARKBA~1\AppData\L...}, cssSelectorsEnabled: true, databaseEnabled: false, handlesAlerts: true, hasTouchScreen: false, javascriptEnabled: true, locationContextEnabled: true, mobileEmulationEnabled: false, nativeEvents: true, networkConnectionEnabled: false, pageLoadStrategy: normal, platform: XP, platformName: XP, rotatable: false, setWindowRect: true, takesHeapSnapshot: true, takesScreenshot: true, unexpectedAlertBehaviour: , unhandledPromptBehavior: , version: 67.0.3396.99, webStorageEnabled: true}
Session ID: 7af9685d56bf17987deece4368c6f8d5
*** Element info: {Using=xpath, value=//input[@id=&apos;termsofservice&apos;]}" type="org.openqa.selenium.NoSuchElementException">org.openqa.selenium.NoSuchElementException: no such element: Unable to locate element: {&quot;method&quot;:&quot;xpath&quot;,&quot;selector&quot;:&quot;//input[@id=&apos;termsofservice&apos;]&quot;}
  (Session info: chrome=67.0.3396.99)
  (Driver info: chromedriver=2.35.528161 (5b82f2d2aae0ca24b877009200ced9065a772e73),platform=Windows NT 10.0.17134 x86_64) (WARNING: The server did not provide any stacktrace information)
Command duration or timeout: 0 milliseconds
For documentation on this error, please visit: http://seleniumhq.org/exceptions/no_such_element.html
Build info: version: &apos;3.9.1&apos;, revision: &apos;63f7b50&apos;, time: &apos;2018-02-07T22:25:02.294Z&apos;
System info: host: &apos;ENH-FRANCIS&apos;, ip: &apos;10.13.1.130&apos;, os.name: &apos;Windows 10&apos;, os.arch: &apos;amd64&apos;, os.version: &apos;10.0&apos;, java.version: &apos;1.8.0_171&apos;
Driver info: org.openqa.selenium.chrome.ChromeDriver
Capabilities {acceptInsecureCerts: false, acceptSslCerts: false, applicationCacheEnabled: false, browserConnectionEnabled: false, browserName: chrome, chrome: {chromedriverVersion: 2.35.528161 (5b82f2d2aae0ca..., userDataDir: C:\Users\MARKBA~1\AppData\L...}, cssSelectorsEnabled: true, databaseEnabled: false, handlesAlerts: true, hasTouchScreen: false, javascriptEnabled: true, locationContextEnabled: true, mobileEmulationEnabled: false, nativeEvents: true, networkConnectionEnabled: false, pageLoadStrategy: normal, platform: XP, platformName: XP, rotatable: false, setWindowRect: true, takesHeapSnapshot: true, takesScreenshot: true, unexpectedAlertBehaviour: , unhandledPromptBehavior: , version: 67.0.3396.99, webStorageEnabled: true}
Session ID: 7af9685d56bf17987deece4368c6f8d5
*** Element info: {Using=xpath, value=//input[@id=&apos;termsofservice&apos;]}
	at sun.reflect.NativeConstructorAccessorImpl.newInstance0(Native Method)
	at sun.reflect.NativeConstructorAccessorImpl.newInstance(NativeConstructorAccessorImpl.java:62)
	at sun.reflect.DelegatingConstructorAccessorImpl.newInstance(DelegatingConstructorAccessorImpl.java:45)
	at java.lang.reflect.Constructor.newInstance(Constructor.java:423)
	at org.openqa.selenium.remote.ErrorHandler.createThrowable(ErrorHandler.java:214)
	at org.openqa.selenium.remote.ErrorHandler.throwIfResponseFailed(ErrorHandler.java:166)
	at org.openqa.selenium.remote.http.JsonHttpResponseCodec.reconstructValue(JsonHttpResponseCodec.java:40)
	at org.openqa.selenium.remote.http.AbstractHttpResponseCodec.decode(AbstractHttpResponseCodec.java:80)
	at org.openqa.selenium.remote.http.AbstractHttpResponseCodec.decode(AbstractHttpResponseCodec.java:44)
	at org.openqa.selenium.remote.HttpCommandExecutor.execute(HttpCommandExecutor.java:160)
	at org.openqa.selenium.remote.service.DriverCommandExecutor.execute(DriverCommandExecutor.java:83)
	at org.openqa.selenium.remote.RemoteWebDriver.execute(RemoteWebDriver.java:601)
	at org.openqa.selenium.remote.RemoteWebDriver.findElement(RemoteWebDriver.java:371)
	at org.openqa.selenium.remote.RemoteWebDriver.findElementByXPath(RemoteWebDriver.java:473)
	at org.openqa.selenium.By$ByXPath.findElement(By.java:361)
	at org.openqa.selenium.remote.RemoteWebDriver.findElement(RemoteWebDriver.java:363)
	at QATools.MavenCucumberPageObject.ShoppingCart.selectTermsAndCondition(ShoppingCart.java:18)
	at QATools.MavenCucumberProject.checkoutStepDefinition.user_complete_the_Checkout_Information_page(checkoutStepDefinition.java:29)
	at ✽.When User complete the Checkout Information page(DemoWebsite.feature:22)
</error>
    <system-out>
  Background:                  # DemoWebsite.feature:3
    Given User is on home page # stepDefinition.user_is_on_home_page()
</system-out>
  </testcase>
  <testcase classname="Scenario: Confirm Order" name="Scenario: Confirm Order" time="0.002">
    <error message="no such element: Unable to locate element: {&quot;method&quot;:&quot;xpath&quot;,&quot;selector&quot;:&quot;//input[@id=&apos;termsofservice&apos;]&quot;}
  (Session info: chrome=67.0.3396.99)
  (Driver info: chromedriver=2.35.528161 (5b82f2d2aae0ca24b877009200ced9065a772e73),platform=Windows NT 10.0.17134 x86_64) (WARNING: The server did not provide any stacktrace information)
Command duration or timeout: 0 milliseconds
For documentation on this error, please visit: http://seleniumhq.org/exceptions/no_such_element.html
Build info: version: &apos;3.9.1&apos;, revision: &apos;63f7b50&apos;, time: &apos;2018-02-07T22:25:02.294Z&apos;
System info: host: &apos;ENH-FRANCIS&apos;, ip: &apos;10.13.1.130&apos;, os.name: &apos;Windows 10&apos;, os.arch: &apos;amd64&apos;, os.version: &apos;10.0&apos;, java.version: &apos;1.8.0_171&apos;
Driver info: org.openqa.selenium.chrome.ChromeDriver
Capabilities {acceptInsecureCerts: false, acceptSslCerts: false, applicationCacheEnabled: false, browserConnectionEnabled: false, browserName: chrome, chrome: {chromedriverVersion: 2.35.528161 (5b82f2d2aae0ca..., userDataDir: C:\Users\MARKBA~1\AppData\L...}, cssSelectorsEnabled: true, databaseEnabled: false, handlesAlerts: true, hasTouchScreen: false, javascriptEnabled: true, locationContextEnabled: true, mobileEmulationEnabled: false, nativeEvents: true, networkConnectionEnabled: false, pageLoadStrategy: normal, platform: XP, platformName: XP, rotatable: false, setWindowRect: true, takesHeapSnapshot: true, takesScreenshot: true, unexpectedAlertBehaviour: , unhandledPromptBehavior: , version: 67.0.3396.99, webStorageEnabled: true}
Session ID: 7af9685d56bf17987deece4368c6f8d5
*** Element info: {Using=xpath, value=//input[@id=&apos;termsofservice&apos;]}" type="org.openqa.selenium.NoSuchElementException">org.openqa.selenium.NoSuchElementException: no such element: Unable to locate element: {&quot;method&quot;:&quot;xpath&quot;,&quot;selector&quot;:&quot;//input[@id=&apos;termsofservice&apos;]&quot;}
  (Session info: chrome=67.0.3396.99)
  (Driver info: chromedriver=2.35.528161 (5b82f2d2aae0ca24b877009200ced9065a772e73),platform=Windows NT 10.0.17134 x86_64) (WARNING: The server did not provide any stacktrace information)
Command duration or timeout: 0 milliseconds
For documentation on this error, please visit: http://seleniumhq.org/exceptions/no_such_element.html
Build info: version: &apos;3.9.1&apos;, revision: &apos;63f7b50&apos;, time: &apos;2018-02-07T22:25:02.294Z&apos;
System info: host: &apos;ENH-FRANCIS&apos;, ip: &apos;10.13.1.130&apos;, os.name: &apos;Windows 10&apos;, os.arch: &apos;amd64&apos;, os.version: &apos;10.0&apos;, java.version: &apos;1.8.0_171&apos;
Driver info: org.openqa.selenium.chrome.ChromeDriver
Capabilities {acceptInsecureCerts: false, acceptSslCerts: false, applicationCacheEnabled: false, browserConnectionEnabled: false, browserName: chrome, chrome: {chromedriverVersion: 2.35.528161 (5b82f2d2aae0ca..., userDataDir: C:\Users\MARKBA~1\AppData\L...}, cssSelectorsEnabled: true, databaseEnabled: false, handlesAlerts: true, hasTouchScreen: false, javascriptEnabled: true, locationContextEnabled: true, mobileEmulationEnabled: false, nativeEvents: true, networkConnectionEnabled: false, pageLoadStrategy: normal, platform: XP, platformName: XP, rotatable: false, setWindowRect: true, takesHeapSnapshot: true, takesScreenshot: true, unexpectedAlertBehaviour: , unhandledPromptBehavior: , version: 67.0.3396.99, webStorageEnabled: true}
Session ID: 7af9685d56bf17987deece4368c6f8d5
*** Element info: {Using=xpath, value=//input[@id=&apos;termsofservice&apos;]}
	at sun.reflect.NativeConstructorAccessorImpl.newInstance0(Native Method)
	at sun.reflect.NativeConstructorAccessorImpl.newInstance(NativeConstructorAccessorImpl.java:62)
	at sun.reflect.DelegatingConstructorAccessorImpl.newInstance(DelegatingConstructorAccessorImpl.java:45)
	at java.lang.reflect.Constructor.newInstance(Constructor.java:423)
	at org.openqa.selenium.remote.ErrorHandler.createThrowable(ErrorHandler.java:214)
	at org.openqa.selenium.remote.ErrorHandler.throwIfResponseFailed(ErrorHandler.java:166)
	at org.openqa.selenium.remote.http.JsonHttpResponseCodec.reconstructValue(JsonHttpResponseCodec.java:40)
	at org.openqa.selenium.remote.http.AbstractHttpResponseCodec.decode(AbstractHttpResponseCodec.java:80)
	at org.openqa.selenium.remote.http.AbstractHttpResponseCodec.decode(AbstractHttpResponseCodec.java:44)
	at org.openqa.selenium.remote.HttpCommandExecutor.execute(HttpCommandExecutor.java:160)
	at org.openqa.selenium.remote.service.DriverCommandExecutor.execute(DriverCommandExecutor.java:83)
	at org.openqa.selenium.remote.RemoteWebDriver.execute(RemoteWebDriver.java:601)
	at org.openqa.selenium.remote.RemoteWebDriver.findElement(RemoteWebDriver.java:371)
	at org.openqa.selenium.remote.RemoteWebDriver.findElementByXPath(RemoteWebDriver.java:473)
	at org.openqa.selenium.By$ByXPath.findElement(By.java:361)
	at org.openqa.selenium.remote.RemoteWebDriver.findElement(RemoteWebDriver.java:363)
	at QATools.MavenCucumberPageObject.ShoppingCart.selectTermsAndCondition(ShoppingCart.java:18)
	at QATools.MavenCucumberProject.checkoutStepDefinition.user_complete_the_Checkout_Information_page(checkoutStepDefinition.java:29)
	at ✽.When User complete the Checkout Information page(DemoWebsite.feature:22)
</error>
  </testcase>
  <testcase classname="Scenario: Confirm Order" name="Then will see a message on the screen that the order is completed" time="0.002">
    <skipped/>
  </testcase>
  <testcase classname="Scenario: Successful Logout" name="Given User is on home page" time="0"/>
  <testcase classname="Scenario: Successful Logout" name="When User clicks on the logout link" time="0"/>
  <testcase classname="Scenario: Successful Logout" name="Then User will be logged out" time="0"/>
  <testcase classname="Scenario: Successful Logout" name="Scenario: Successful Logout" time="0.001"/>
</testsuite>